Arguments: 
  C:\Program Files\nodejs\node.exe C:\Users\pengu\AppData\Roaming\npm\node_modules\yarn\bin\yarn.js init

PATH: 
  C:\dev\esm-repro\util\node_modules\.bin;C:\dev\esm-repro\node_modules\.bin;C:\dev\node_modules\.bin;C:\node_modules\.bin;C:\Program Files\nodejs;C:\ProgramData\DockerDesktop\version-bin;C:\Program Files\Docker\Docker\Resources\bin;C:\Program Files\Haskell\bin;C:\Program Files\Haskell Platform\8.6.3\lib\extralibs\bin;C:\Program Files\Haskell Platform\8.6.3\bin;C:\Program Files (x86)\Intel\iCLS Client\;C:\Program Files (x86)\Razer Chroma SDK\bin;C:\Program Files\Razer Chroma SDK\bin;C:\Program Files\Intel\iCLS Client\;C:\Windows\system32;C:\Windows;C:\Windows\System32\Wbem;C:\Windows\System32\WindowsPowerShell\v1.0\;C:\Program Files (x86)\NVIDIA Corporation\PhysX\Common;C:\Users\pengu\AppData\Local\Microsoft\WindowsApps;C:\Program Files\Microsoft VS Code\bin;C:\Program Files (x86)\Git\cmd;C:\WINDOWS\system32;C:\WINDOWS;C:\WINDOWS\System32\Wbem;C:\WINDOWS\System32\WindowsPowerShell\v1.0\;C:\Program Files (x86)\LLVM\bin;C:\Users\pengu\AppData\Local\Programs\Python\Python36;C:\WINDOWS\System32\OpenSSH\;C:\Program Files (x86)\Intel\Intel(R) Management Engine Components\DAL;C:\Program Files\Intel\Intel(R) Management Engine Components\DAL;C:\Program Files (x86)\Intel\Intel(R) Management Engine Components\IPT;C:\Program Files\Intel\Intel(R) Management Engine Components\IPT;C:\Program Files\nodejs\;C:\Program Files\NVIDIA Corporation\NVIDIA NvDLISR;C:\Program Files\Haskell Platform\8.6.3\mingw\bin;C:\Program Files\Microsoft SQL Server\110\Tools\Binn\;C:\Program Files (x86)\Microsoft SQL Server\Client SDK\ODBC\130\Tools\Binn\;C:\Program Files (x86)\Microsoft SQL Server\140\Tools\Binn\;C:\Program Files (x86)\Microsoft SQL Server\140\DTS\Binn\;C:\Program Files (x86)\Microsoft SQL Server\140\Tools\Binn\ManagementStudio\;C:\Users\pengu\AppData\Roaming\cabal\bin;C:\Users\pengu\AppData\Roaming\local\bin;C:\Users\pengu\AppData\Local\Programs\Python\Python35-32\Scripts\;C:\Users\pengu\AppData\Local\Programs\Python\Python35-32\;C:\Users\pengu\.cargo\bin;C:\Users\pengu\AppData\Local\Microsoft\WindowsApps;C:\Program Files\Microsoft VS Code\bin;C:\Exercism;C:\Users\pengu\AppData\Local\Programs\Microsoft VS Code\bin;C:\Users\pengu\AppData\Roaming\npm;C:\Users\pengu\AppData\Local\hyper\app-2.1.2\resources\bin;C:\Program Files (x86)\Graphviz2.38\bin;

Yarn version: 
  1.10.1

Node version: 
  11.7.0

Platform: 
  win32 x64

Trace: 
  Error: canceled
      at Interface.<anonymous> (C:\Users\pengu\AppData\Roaming\npm\node_modules\yarn\lib\cli.js:116426:13)
      at Interface.emit (events.js:188:13)
      at Interface._ttyWrite (readline.js:799:16)
      at ReadStream.onkeypress (readline.js:184:10)
      at ReadStream.emit (events.js:188:13)
      at emitKeys (internal/readline.js:424:14)
      at emitKeys.next (<anonymous>)
      at ReadStream.onData (readline.js:1071:36)
      at ReadStream.emit (events.js:188:13)
      at addChunk (_stream_readable.js:288:12)

npm manifest: 
  No manifest

yarn manifest: 
  No manifest

Lockfile: 
  No lockfile
